
=== Tue Oct 24 09:25:02 2023

Packages were changed.
Update Mode: updateDependencies

The following packages were added:
  com.unity.2d.sprite@1.0.0
  com.unity.2d.tilemap@1.0.0
  com.unity.ads@4.4.2
  com.unity.analytics@3.8.1
  com.unity.purchasing@4.9.3
  com.unity.xr.legacyinputhelpers@2.1.10
  com.unity.ai.navigation@1.1.5
The following packages were updated:
  com.unity.cinemachine from version 2.8.9 to 2.9.5
  com.unity.collab-proxy from version 2.0.1 to 2.1.0
  com.unity.feature.2d from version 1.0.0 to 2.0.0
  com.unity.ide.rider from version 3.0.18 to 3.0.25
  com.unity.ide.visualstudio from version 2.0.17 to 2.0.21
  com.unity.render-pipelines.universal from version 12.1.10 to 14.0.9
  com.unity.test-framework from version 1.1.31 to 1.1.33
  com.unity.timeline from version 1.6.4 to 1.7.5
  com.unity.visualscripting from version 1.8.0 to 1.9.1
